<?xml version="1.0" encoding="UTF-8"?>
<!-- Generated by org.testng.reporters.JUnitReportReporter -->
<testsuite hostname="Shreyanshs-MacBook-Pro.local" failures="0" tests="1" name="step_definition.SampleClass" time="3.301" errors="0" timestamp="2024-06-30T01:31:18 IST" skipped="0">
  <testcase classname="step_definition.SampleClass" name="main" time="3.301"/>
</testsuite> <!-- step_definition.SampleClass -->
