<?xml version="1.0" encoding="UTF-8"?>
<!-- Generated by org.testng.reporters.JUnitReportReporter -->
<testsuite hostname="Shreyanshs-MacBook-Pro.local" failures="0" tests="1" name="runners.test_runner" time="13.455" errors="0" timestamp="2024-07-03T02:02:06 IST" skipped="0">
  <testcase classname="runners.test_runner" name="runScenario" time="13.455"/>
</testsuite> <!-- runners.test_runner -->
