<?xml version="1.0" encoding="UTF-8"?>
<!-- Generated by org.testng.reporters.JUnitReportReporter -->
<testsuite hostname="Shreyanshs-MacBook-Pro.local" failures="0" tests="1" name="runners.test_runner" time="9.845" errors="0" timestamp="2024-07-03T16:08:14 IST" skipped="0">
  <testcase classname="runners.test_runner" name="runScenario" time="9.845"/>
</testsuite> <!-- runners.test_runner -->
